The user aborted a request.

Retrying 1/3...
The user aborted a request.

Retrying 2/3...
The user aborted a request.

Retrying 3/3...
AbortError: The user aborted a request.
    at abort (C:\Users\yusuf\Documents\GitHub\smartqrcode\node_modules\next\dist\compiled\node-fetch\index.js:1:65594)
    at AbortSignal.abortAndFinalize (C:\Users\yusuf\Documents\GitHub\smartqrcode\node_modules\next\dist\compiled\node-fetch\index.js:1:65814)
    at [nodejs.internal.kHybridDispatch] (node:internal/event_target:827:20)
    at AbortSignal.dispatchEvent (node:internal/event_target:762:26)
    at runAbort (node:internal/abort_controller:486:10)
    at abortSignal (node:internal/abort_controller:457:3)
    at AbortController.abort (node:internal/abort_controller:505:5)
    at Timeout.<anonymous> (C:\Users\yusuf\Documents\GitHub\smartqrcode\node_modules\next\dist\compiled\@next\font\dist\google\fetch-css-from-google-fonts.js:44:47)
    at listOnTimeout (node:internal/timers:588:17)
    at process.processTimers (node:internal/timers:523:7) {
  type: 'aborted'
}
[app-settings API] Database error: {
  message: 'TypeError: fetch failed',
  details: 'TypeError: fetch failed\n' +
    '\n' +
    'Caused by: ConnectTimeoutError: Connect Timeout Error (attempted address: ufdwqpxqgqhvqoovdssf.supabase.co:443, timeout: 10000ms) (UND_ERR_CONNECT_TIMEOUT)\n' +
    'ConnectTimeoutError: Connect Timeout Error (attempted address: ufdwqpxqgqhvqoovdssf.supabase.co:443, timeout: 10000ms)\n' +
    '    at onConnectTimeout (node:internal/deps/undici/undici:2602:28)\n' +
    '    at Immediate._onImmediate (node:internal/deps/undici/undici:2568:35)\n' +
    '    at process.processImmediate (node:internal/timers:485:21)\n' +
    '    at process.callbackTrampoline (node:internal/async_hooks:130:17)',
  hint: '',
  code: ''
}
Error fetching app settings: {
  message: 'TypeError: fetch failed',
  details: 'TypeError: fetch failed\n' +
    '\n' +
    'Caused by: ConnectTimeoutError: Connect Timeout Error (attempted address: ufdwqpxqgqhvqoovdssf.supabase.co:443, timeout: 10000ms) (UND_ERR_CONNECT_TIMEOUT)\n' +
    'ConnectTimeoutError: Connect Timeout Error (attempted address: ufdwqpxqgqhvqoovdssf.supabase.co:443, timeout: 10000ms)\n' +
    '    at onConnectTimeout (node:internal/deps/undici/undici:2602:28)\n' +
    '    at Immediate._onImmediate (node:internal/deps/undici/undici:2568:35)\n' +
    '    at process.processImmediate (node:internal/timers:485:21)\n' +
    '    at process.callbackTrampoline (node:internal/async_hooks:130:17)',
  hint: '',
  code: ''
}
[app-settings API] Database error: {
  message: 'TypeError: fetch failed',
  details: 'TypeError: fetch failed\n' +
    '\n' +
    'Caused by: ConnectTimeoutError: Connect Timeout Error (attempted address: ufdwqpxqgqhvqoovdssf.supabase.co:443, timeout: 10000ms) (UND_ERR_CONNECT_TIMEOUT)\n' +
    'ConnectTimeoutError: Connect Timeout Error (attempted address: ufdwqpxqgqhvqoovdssf.supabase.co:443, timeout: 10000ms)\n' +
    '    at onConnectTimeout (node:internal/deps/undici/undici:2602:28)\n' +
    '    at Immediate._onImmediate (node:internal/deps/undici/undici:2568:35)\n' +
    '    at process.processImmediate (node:internal/timers:485:21)\n' +
    '    at process.callbackTrampoline (node:internal/async_hooks:130:17)',
  hint: '',
  code: ''
}
Error fetching app settings: {
  message: 'TypeError: fetch failed',
  details: 'TypeError: fetch failed\n' +
    '\n' +
    'Caused by: ConnectTimeoutError: Connect Timeout Error (attempted address: ufdwqpxqgqhvqoovdssf.supabase.co:443, timeout: 10000ms) (UND_ERR_CONNECT_TIMEOUT)\n' +
    'ConnectTimeoutError: Connect Timeout Error (attempted address: ufdwqpxqgqhvqoovdssf.supabase.co:443, timeout: 10000ms)\n' +
    '    at onConnectTimeout (node:internal/deps/undici/undici:2602:28)\n' +
    '    at Immediate._onImmediate (node:internal/deps/undici/undici:2568:35)\n' +
    '    at process.processImmediate (node:internal/timers:485:21)\n' +
    '    at process.callbackTrampoline (node:internal/async_hooks:130:17)',
  hint: '',
  code: ''
}
[app-settings API] Database error: {
  message: 'TypeError: fetch failed',
  details: 'TypeError: fetch failed\n' +
    '\n' +
    'Caused by: ConnectTimeoutError: Connect Timeout Error (attempted address: ufdwqpxqgqhvqoovdssf.supabase.co:443, timeout: 10000ms) (UND_ERR_CONNECT_TIMEOUT)\n' +
    'ConnectTimeoutError: Connect Timeout Error (attempted address: ufdwqpxqgqhvqoovdssf.supabase.co:443, timeout: 10000ms)\n' +
    '    at onConnectTimeout (node:internal/deps/undici/undici:2602:28)\n' +
    '    at Immediate._onImmediate (node:internal/deps/undici/undici:2568:35)\n' +
    '    at process.processImmediate (node:internal/timers:485:21)\n' +
    '    at process.callbackTrampoline (node:internal/async_hooks:130:17)',
  hint: '',
  code: ''
}
Error fetching app settings: {
  message: 'TypeError: fetch failed',
  details: 'TypeError: fetch failed\n' +
    '\n' +
    'Caused by: ConnectTimeoutError: Connect Timeout Error (attempted address: ufdwqpxqgqhvqoovdssf.supabase.co:443, timeout: 10000ms) (UND_ERR_CONNECT_TIMEOUT)\n' +
    'ConnectTimeoutError: Connect Timeout Error (attempted address: ufdwqpxqgqhvqoovdssf.supabase.co:443, timeout: 10000ms)\n' +
    '    at onConnectTimeout (node:internal/deps/undici/undici:2602:28)\n' +
    '    at Immediate._onImmediate (node:internal/deps/undici/undici:2568:35)\n' +
    '    at process.processImmediate (node:internal/timers:485:21)\n' +
    '    at process.callbackTrampoline (node:internal/async_hooks:130:17)',
  hint: '',
  code: ''
}
[app-settings API] Database error: {
  message: 'TypeError: fetch failed',
  details: 'TypeError: fetch failed\n' +
    '\n' +
    'Caused by: ConnectTimeoutError: Connect Timeout Error (attempted addresses: 8.47.69.0:443, 8.6.112.0:443, timeout: 10000ms) (UND_ERR_CONNECT_TIMEOUT)\n' +
    'ConnectTimeoutError: Connect Timeout Error (attempted addresses: 8.47.69.0:443, 8.6.112.0:443, timeout: 10000ms)\n' +
    '    at onConnectTimeout (node:internal/deps/undici/undici:2602:28)\n' +
    '    at Immediate._onImmediate (node:internal/deps/undici/undici:2568:35)\n' +
    '    at process.processImmediate (node:internal/timers:485:21)\n' +
    '    at process.callbackTrampoline (node:internal/async_hooks:130:17)',
  hint: '',
  code: ''
}
Error fetching app settings: {
  message: 'TypeError: fetch failed',
  details: 'TypeError: fetch failed\n' +
    '\n' +
    'Caused by: ConnectTimeoutError: Connect Timeout Error (attempted addresses: 8.47.69.0:443, 8.6.112.0:443, timeout: 10000ms) (UND_ERR_CONNECT_TIMEOUT)\n' +
    'ConnectTimeoutError: Connect Timeout Error (attempted addresses: 8.47.69.0:443, 8.6.112.0:443, timeout: 10000ms)\n' +
    '    at onConnectTimeout (node:internal/deps/undici/undici:2602:28)\n' +
    '    at Immediate._onImmediate (node:internal/deps/undici/undici:2568:35)\n' +
    '    at process.processImmediate (node:internal/timers:485:21)\n' +
    '    at process.callbackTrampoline (node:internal/async_hooks:130:17)',
  hint: '',
  code: ''
}
[app-settings API] Database error: {
  message: 'TypeError: fetch failed',
  details: 'TypeError: fetch failed\n' +
    '\n' +
    'Caused by: ConnectTimeoutError: Connect Timeout Error (attempted address: ufdwqpxqgqhvqoovdssf.supabase.co:443, timeout: 10000ms) (UND_ERR_CONNECT_TIMEOUT)\n' +
    'ConnectTimeoutError: Connect Timeout Error (attempted address: ufdwqpxqgqhvqoovdssf.supabase.co:443, timeout: 10000ms)\n' +
    '    at onConnectTimeout (node:internal/deps/undici/undici:2602:28)\n' +
    '    at Immediate._onImmediate (node:internal/deps/undici/undici:2568:35)\n' +
    '    at process.processImmediate (node:internal/timers:485:21)\n' +
    '    at process.callbackTrampoline (node:internal/async_hooks:130:17)',
  hint: '',
  code: ''
}
Error fetching app settings: {
  message: 'TypeError: fetch failed',
  details: 'TypeError: fetch failed\n' +
    '\n' +
    'Caused by: ConnectTimeoutError: Connect Timeout Error (attempted address: ufdwqpxqgqhvqoovdssf.supabase.co:443, timeout: 10000ms) (UND_ERR_CONNECT_TIMEOUT)\n' +
    'ConnectTimeoutError: Connect Timeout Error (attempted address: ufdwqpxqgqhvqoovdssf.supabase.co:443, timeout: 10000ms)\n' +
    '    at onConnectTimeout (node:internal/deps/undici/undici:2602:28)\n' +
    '    at Immediate._onImmediate (node:internal/deps/undici/undici:2568:35)\n' +
    '    at process.processImmediate (node:internal/timers:485:21)\n' +
    '    at process.callbackTrampoline (node:internal/async_hooks:130:17)',
  hint: '',
  code: ''
}
[app-settings API] Database error: {
  message: 'TypeError: fetch failed',
  details: 'TypeError: fetch failed\n' +
    '\n' +
    'Caused by: ConnectTimeoutError: Connect Timeout Error (attempted address: ufdwqpxqgqhvqoovdssf.supabase.co:443, timeout: 10000ms) (UND_ERR_CONNECT_TIMEOUT)\n' +
    'ConnectTimeoutError: Connect Timeout Error (attempted address: ufdwqpxqgqhvqoovdssf.supabase.co:443, timeout: 10000ms)\n' +
    '    at onConnectTimeout (node:internal/deps/undici/undici:2602:28)\n' +
    '    at Immediate._onImmediate (node:internal/deps/undici/undici:2568:35)\n' +
    '    at process.processImmediate (node:internal/timers:485:21)\n' +
    '    at process.callbackTrampoline (node:internal/async_hooks:130:17)',
  hint: '',
  code: ''
}
Error fetching app settings: {
  message: 'TypeError: fetch failed',
  details: 'TypeError: fetch failed\n' +
    '\n' +
    'Caused by: ConnectTimeoutError: Connect Timeout Error (attempted address: ufdwqpxqgqhvqoovdssf.supabase.co:443, timeout: 10000ms) (UND_ERR_CONNECT_TIMEOUT)\n' +
    'ConnectTimeoutError: Connect Timeout Error (attempted address: ufdwqpxqgqhvqoovdssf.supabase.co:443, timeout: 10000ms)\n' +
    '    at onConnectTimeout (node:internal/deps/undici/undici:2602:28)\n' +
    '    at Immediate._onImmediate (node:internal/deps/undici/undici:2568:35)\n' +
    '    at process.processImmediate (node:internal/timers:485:21)\n' +
    '    at process.callbackTrampoline (node:internal/async_hooks:130:17)',
  hint: '',
  code: ''
}
<w> [webpack.cache.PackFileCacheStrategy] Caching failed for pack: Error: ENOENT: no such file or directory, rename 'C:\Users\yusuf\Documents\GitHub\smartqrcode\.next\cache\webpack\client-development\1.pack.gz_' -> 'C:\Users\yusuf\Documents\GitHub\smartqrcode\.next\cache\webpack\client-development\1.pack.gz'
